{"/home/louiss/main/web-projects/monorepo/forastro/packages/utilities/src/lib/helpers.ts": {"path":"/home/louiss/main/web-projects/monorepo/forastro/packages/utilities/src/lib/helpers.ts","all":false,"statementMap":{"0":{"start":{"line":1,"column":0},"end":{"line":1,"column":13}},"1":{"start":{"line":2,"column":0},"end":{"line":2,"column":96}},"2":{"start":{"line":3,"column":0},"end":{"line":3,"column":21}},"3":{"start":{"line":4,"column":0},"end":{"line":4,"column":25}},"4":{"start":{"line":5,"column":0},"end":{"line":5,"column":24}},"5":{"start":{"line":6,"column":0},"end":{"line":6,"column":16}},"6":{"start":{"line":7,"column":0},"end":{"line":7,"column":39}},"7":{"start":{"line":8,"column":0},"end":{"line":8,"column":0}},"8":{"start":{"line":9,"column":0},"end":{"line":9,"column":0}},"9":{"start":{"line":10,"column":0},"end":{"line":10,"column":66}},"10":{"start":{"line":11,"column":0},"end":{"line":11,"column":24}},"11":{"start":{"line":12,"column":0},"end":{"line":12,"column":52}},"12":{"start":{"line":13,"column":0},"end":{"line":13,"column":60}},"13":{"start":{"line":14,"column":0},"end":{"line":14,"column":5}},"14":{"start":{"line":15,"column":0},"end":{"line":15,"column":0}},"15":{"start":{"line":16,"column":0},"end":{"line":16,"column":48}},"16":{"start":{"line":17,"column":0},"end":{"line":17,"column":0}},"17":{"start":{"line":18,"column":0},"end":{"line":18,"column":89}},"18":{"start":{"line":19,"column":0},"end":{"line":19,"column":0}},"19":{"start":{"line":20,"column":0},"end":{"line":20,"column":0}},"20":{"start":{"line":21,"column":0},"end":{"line":21,"column":34}},"21":{"start":{"line":22,"column":0},"end":{"line":22,"column":0}},"22":{"start":{"line":23,"column":0},"end":{"line":23,"column":1}},"23":{"start":{"line":24,"column":0},"end":{"line":24,"column":0}},"24":{"start":{"line":25,"column":0},"end":{"line":25,"column":71}},"25":{"start":{"line":26,"column":0},"end":{"line":26,"column":0}},"26":{"start":{"line":27,"column":0},"end":{"line":27,"column":0}},"27":{"start":{"line":28,"column":0},"end":{"line":28,"column":36}},"28":{"start":{"line":29,"column":0},"end":{"line":29,"column":0}},"29":{"start":{"line":30,"column":0},"end":{"line":30,"column":1}},"30":{"start":{"line":31,"column":0},"end":{"line":31,"column":0}},"31":{"start":{"line":32,"column":0},"end":{"line":32,"column":0}},"32":{"start":{"line":33,"column":0},"end":{"line":33,"column":74}},"33":{"start":{"line":34,"column":0},"end":{"line":34,"column":0}},"34":{"start":{"line":35,"column":0},"end":{"line":35,"column":53}},"35":{"start":{"line":36,"column":0},"end":{"line":36,"column":1}},"36":{"start":{"line":37,"column":0},"end":{"line":37,"column":0}},"37":{"start":{"line":38,"column":0},"end":{"line":38,"column":77}},"38":{"start":{"line":39,"column":0},"end":{"line":39,"column":48}},"39":{"start":{"line":40,"column":0},"end":{"line":40,"column":1}},"40":{"start":{"line":41,"column":0},"end":{"line":41,"column":0}},"41":{"start":{"line":42,"column":0},"end":{"line":42,"column":0}},"42":{"start":{"line":43,"column":0},"end":{"line":43,"column":0}},"43":{"start":{"line":44,"column":0},"end":{"line":44,"column":0}},"44":{"start":{"line":45,"column":0},"end":{"line":45,"column":56}},"45":{"start":{"line":46,"column":0},"end":{"line":46,"column":0}},"46":{"start":{"line":47,"column":0},"end":{"line":47,"column":0}},"47":{"start":{"line":48,"column":0},"end":{"line":48,"column":25}},"48":{"start":{"line":49,"column":0},"end":{"line":49,"column":0}},"49":{"start":{"line":50,"column":0},"end":{"line":50,"column":0}},"50":{"start":{"line":51,"column":0},"end":{"line":51,"column":58}},"51":{"start":{"line":52,"column":0},"end":{"line":52,"column":5}},"52":{"start":{"line":53,"column":0},"end":{"line":53,"column":0}},"53":{"start":{"line":54,"column":0},"end":{"line":54,"column":0}},"54":{"start":{"line":55,"column":0},"end":{"line":55,"column":21}},"55":{"start":{"line":56,"column":0},"end":{"line":56,"column":0}},"56":{"start":{"line":57,"column":0},"end":{"line":57,"column":0}},"57":{"start":{"line":58,"column":0},"end":{"line":58,"column":0}},"58":{"start":{"line":59,"column":0},"end":{"line":59,"column":80}},"59":{"start":{"line":60,"column":0},"end":{"line":60,"column":0}},"60":{"start":{"line":61,"column":0},"end":{"line":61,"column":0}},"61":{"start":{"line":62,"column":0},"end":{"line":62,"column":5}},"62":{"start":{"line":63,"column":0},"end":{"line":63,"column":0}},"63":{"start":{"line":64,"column":0},"end":{"line":64,"column":48}},"64":{"start":{"line":65,"column":0},"end":{"line":65,"column":47}},"65":{"start":{"line":66,"column":0},"end":{"line":66,"column":0}},"66":{"start":{"line":67,"column":0},"end":{"line":67,"column":81}},"67":{"start":{"line":68,"column":0},"end":{"line":68,"column":0}},"68":{"start":{"line":69,"column":0},"end":{"line":69,"column":50}},"69":{"start":{"line":70,"column":0},"end":{"line":70,"column":0}},"70":{"start":{"line":71,"column":0},"end":{"line":71,"column":0}},"71":{"start":{"line":72,"column":0},"end":{"line":72,"column":94}},"72":{"start":{"line":73,"column":0},"end":{"line":73,"column":0}},"73":{"start":{"line":74,"column":0},"end":{"line":74,"column":5}},"74":{"start":{"line":75,"column":0},"end":{"line":75,"column":0}},"75":{"start":{"line":76,"column":0},"end":{"line":76,"column":0}},"76":{"start":{"line":77,"column":0},"end":{"line":77,"column":81}},"77":{"start":{"line":78,"column":0},"end":{"line":78,"column":0}},"78":{"start":{"line":79,"column":0},"end":{"line":79,"column":50}},"79":{"start":{"line":80,"column":0},"end":{"line":80,"column":0}},"80":{"start":{"line":81,"column":0},"end":{"line":81,"column":0}},"81":{"start":{"line":82,"column":0},"end":{"line":82,"column":91}},"82":{"start":{"line":83,"column":0},"end":{"line":83,"column":0}},"83":{"start":{"line":84,"column":0},"end":{"line":84,"column":5}},"84":{"start":{"line":85,"column":0},"end":{"line":85,"column":0}},"85":{"start":{"line":86,"column":0},"end":{"line":86,"column":0}},"86":{"start":{"line":87,"column":0},"end":{"line":87,"column":0}},"87":{"start":{"line":88,"column":0},"end":{"line":88,"column":0}},"88":{"start":{"line":89,"column":0},"end":{"line":89,"column":21}},"89":{"start":{"line":90,"column":0},"end":{"line":90,"column":0}},"90":{"start":{"line":91,"column":0},"end":{"line":91,"column":0}},"91":{"start":{"line":92,"column":0},"end":{"line":92,"column":24}},"92":{"start":{"line":93,"column":0},"end":{"line":93,"column":0}},"93":{"start":{"line":94,"column":0},"end":{"line":94,"column":0}},"94":{"start":{"line":95,"column":0},"end":{"line":95,"column":0}},"95":{"start":{"line":96,"column":0},"end":{"line":96,"column":30}},"96":{"start":{"line":97,"column":0},"end":{"line":97,"column":0}},"97":{"start":{"line":98,"column":0},"end":{"line":98,"column":0}},"98":{"start":{"line":99,"column":0},"end":{"line":99,"column":0}},"99":{"start":{"line":100,"column":0},"end":{"line":100,"column":23}},"100":{"start":{"line":101,"column":0},"end":{"line":101,"column":0}},"101":{"start":{"line":102,"column":0},"end":{"line":102,"column":25}},"102":{"start":{"line":103,"column":0},"end":{"line":103,"column":9}},"103":{"start":{"line":104,"column":0},"end":{"line":104,"column":0}},"104":{"start":{"line":105,"column":0},"end":{"line":105,"column":14}},"105":{"start":{"line":106,"column":0},"end":{"line":106,"column":5}},"106":{"start":{"line":107,"column":0},"end":{"line":107,"column":0}},"107":{"start":{"line":108,"column":0},"end":{"line":108,"column":0}},"108":{"start":{"line":109,"column":0},"end":{"line":109,"column":0}},"109":{"start":{"line":110,"column":0},"end":{"line":110,"column":24}},"110":{"start":{"line":111,"column":0},"end":{"line":111,"column":0}},"111":{"start":{"line":112,"column":0},"end":{"line":112,"column":0}},"112":{"start":{"line":113,"column":0},"end":{"line":113,"column":30}},"113":{"start":{"line":114,"column":0},"end":{"line":114,"column":0}},"114":{"start":{"line":115,"column":0},"end":{"line":115,"column":0}},"115":{"start":{"line":116,"column":0},"end":{"line":116,"column":0}},"116":{"start":{"line":117,"column":0},"end":{"line":117,"column":23}},"117":{"start":{"line":118,"column":0},"end":{"line":118,"column":0}},"118":{"start":{"line":119,"column":0},"end":{"line":119,"column":25}},"119":{"start":{"line":120,"column":0},"end":{"line":120,"column":9}},"120":{"start":{"line":121,"column":0},"end":{"line":121,"column":0}},"121":{"start":{"line":122,"column":0},"end":{"line":122,"column":5}},"122":{"start":{"line":123,"column":0},"end":{"line":123,"column":0}},"123":{"start":{"line":124,"column":0},"end":{"line":124,"column":0}},"124":{"start":{"line":125,"column":0},"end":{"line":125,"column":0}},"125":{"start":{"line":126,"column":0},"end":{"line":126,"column":1}},"126":{"start":{"line":127,"column":0},"end":{"line":127,"column":0}},"127":{"start":{"line":128,"column":0},"end":{"line":128,"column":0}},"128":{"start":{"line":129,"column":0},"end":{"line":129,"column":0}},"129":{"start":{"line":130,"column":0},"end":{"line":130,"column":0}},"130":{"start":{"line":131,"column":0},"end":{"line":131,"column":0}},"131":{"start":{"line":132,"column":0},"end":{"line":132,"column":0}},"132":{"start":{"line":133,"column":0},"end":{"line":133,"column":0}},"133":{"start":{"line":134,"column":0},"end":{"line":134,"column":0}},"134":{"start":{"line":135,"column":0},"end":{"line":135,"column":0}},"135":{"start":{"line":136,"column":0},"end":{"line":136,"column":58}},"136":{"start":{"line":137,"column":0},"end":{"line":137,"column":0}},"137":{"start":{"line":138,"column":0},"end":{"line":138,"column":0}},"138":{"start":{"line":139,"column":0},"end":{"line":139,"column":73}},"139":{"start":{"line":140,"column":0},"end":{"line":140,"column":0}},"140":{"start":{"line":141,"column":0},"end":{"line":141,"column":1}},"141":{"start":{"line":142,"column":0},"end":{"line":142,"column":0}},"142":{"start":{"line":143,"column":0},"end":{"line":143,"column":0}},"143":{"start":{"line":144,"column":0},"end":{"line":144,"column":0}},"144":{"start":{"line":145,"column":0},"end":{"line":145,"column":96}},"145":{"start":{"line":146,"column":0},"end":{"line":146,"column":0}},"146":{"start":{"line":147,"column":0},"end":{"line":147,"column":0}},"147":{"start":{"line":148,"column":0},"end":{"line":148,"column":53}},"148":{"start":{"line":149,"column":0},"end":{"line":149,"column":0}},"149":{"start":{"line":150,"column":0},"end":{"line":150,"column":31}},"150":{"start":{"line":151,"column":0},"end":{"line":151,"column":0}},"151":{"start":{"line":152,"column":0},"end":{"line":152,"column":0}},"152":{"start":{"line":153,"column":0},"end":{"line":153,"column":37}},"153":{"start":{"line":154,"column":0},"end":{"line":154,"column":0}},"154":{"start":{"line":155,"column":0},"end":{"line":155,"column":27}},"155":{"start":{"line":156,"column":0},"end":{"line":156,"column":0}},"156":{"start":{"line":157,"column":0},"end":{"line":157,"column":0}},"157":{"start":{"line":158,"column":0},"end":{"line":158,"column":18}},"158":{"start":{"line":159,"column":0},"end":{"line":159,"column":9}},"159":{"start":{"line":160,"column":0},"end":{"line":160,"column":0}},"160":{"start":{"line":161,"column":0},"end":{"line":161,"column":17}},"161":{"start":{"line":162,"column":0},"end":{"line":162,"column":0}},"162":{"start":{"line":163,"column":0},"end":{"line":163,"column":0}},"163":{"start":{"line":164,"column":0},"end":{"line":164,"column":5}},"164":{"start":{"line":165,"column":0},"end":{"line":165,"column":0}},"165":{"start":{"line":166,"column":0},"end":{"line":166,"column":1}},"166":{"start":{"line":167,"column":0},"end":{"line":167,"column":0}},"167":{"start":{"line":168,"column":0},"end":{"line":168,"column":80}},"168":{"start":{"line":169,"column":0},"end":{"line":169,"column":108}},"169":{"start":{"line":170,"column":0},"end":{"line":170,"column":0}},"170":{"start":{"line":171,"column":0},"end":{"line":171,"column":0}},"171":{"start":{"line":172,"column":0},"end":{"line":172,"column":32}},"172":{"start":{"line":173,"column":0},"end":{"line":173,"column":0}},"173":{"start":{"line":174,"column":0},"end":{"line":174,"column":58}},"174":{"start":{"line":175,"column":0},"end":{"line":175,"column":5}},"175":{"start":{"line":176,"column":0},"end":{"line":176,"column":0}},"176":{"start":{"line":177,"column":0},"end":{"line":177,"column":0}},"177":{"start":{"line":178,"column":0},"end":{"line":178,"column":0}},"178":{"start":{"line":179,"column":0},"end":{"line":179,"column":37}},"179":{"start":{"line":180,"column":0},"end":{"line":180,"column":0}},"180":{"start":{"line":181,"column":0},"end":{"line":181,"column":0}},"181":{"start":{"line":182,"column":0},"end":{"line":182,"column":109}},"182":{"start":{"line":183,"column":0},"end":{"line":183,"column":0}},"183":{"start":{"line":184,"column":0},"end":{"line":184,"column":0}},"184":{"start":{"line":185,"column":0},"end":{"line":185,"column":0}},"185":{"start":{"line":186,"column":0},"end":{"line":186,"column":0}},"186":{"start":{"line":187,"column":0},"end":{"line":187,"column":48}},"187":{"start":{"line":188,"column":0},"end":{"line":188,"column":108}},"188":{"start":{"line":189,"column":0},"end":{"line":189,"column":37}},"189":{"start":{"line":190,"column":0},"end":{"line":190,"column":22}},"190":{"start":{"line":191,"column":0},"end":{"line":191,"column":17}},"191":{"start":{"line":192,"column":0},"end":{"line":192,"column":34}},"192":{"start":{"line":193,"column":0},"end":{"line":193,"column":0}},"193":{"start":{"line":194,"column":0},"end":{"line":194,"column":9}},"194":{"start":{"line":195,"column":0},"end":{"line":195,"column":0}},"195":{"start":{"line":196,"column":0},"end":{"line":196,"column":0}},"196":{"start":{"line":197,"column":0},"end":{"line":197,"column":0}},"197":{"start":{"line":198,"column":0},"end":{"line":198,"column":0}},"198":{"start":{"line":199,"column":0},"end":{"line":199,"column":0}},"199":{"start":{"line":200,"column":0},"end":{"line":200,"column":14}},"200":{"start":{"line":201,"column":0},"end":{"line":201,"column":5}},"201":{"start":{"line":202,"column":0},"end":{"line":202,"column":0}},"202":{"start":{"line":203,"column":0},"end":{"line":203,"column":0}},"203":{"start":{"line":204,"column":0},"end":{"line":204,"column":32}},"204":{"start":{"line":205,"column":0},"end":{"line":205,"column":0}},"205":{"start":{"line":206,"column":0},"end":{"line":206,"column":39}},"206":{"start":{"line":207,"column":0},"end":{"line":207,"column":0}},"207":{"start":{"line":208,"column":0},"end":{"line":208,"column":48}},"208":{"start":{"line":209,"column":0},"end":{"line":209,"column":108}},"209":{"start":{"line":210,"column":0},"end":{"line":210,"column":32}},"210":{"start":{"line":211,"column":0},"end":{"line":211,"column":17}},"211":{"start":{"line":212,"column":0},"end":{"line":212,"column":17}},"212":{"start":{"line":213,"column":0},"end":{"line":213,"column":23}},"213":{"start":{"line":214,"column":0},"end":{"line":214,"column":9}},"214":{"start":{"line":215,"column":0},"end":{"line":215,"column":0}},"215":{"start":{"line":216,"column":0},"end":{"line":216,"column":5}},"216":{"start":{"line":217,"column":0},"end":{"line":217,"column":0}},"217":{"start":{"line":218,"column":0},"end":{"line":218,"column":0}},"218":{"start":{"line":219,"column":0},"end":{"line":219,"column":0}},"219":{"start":{"line":220,"column":0},"end":{"line":220,"column":0}},"220":{"start":{"line":221,"column":0},"end":{"line":221,"column":0}},"221":{"start":{"line":222,"column":0},"end":{"line":222,"column":1}},"222":{"start":{"line":223,"column":0},"end":{"line":223,"column":0}},"223":{"start":{"line":224,"column":0},"end":{"line":224,"column":0}},"224":{"start":{"line":225,"column":0},"end":{"line":225,"column":129}},"225":{"start":{"line":226,"column":0},"end":{"line":226,"column":0}},"226":{"start":{"line":227,"column":0},"end":{"line":227,"column":0}},"227":{"start":{"line":228,"column":0},"end":{"line":228,"column":34}},"228":{"start":{"line":229,"column":0},"end":{"line":229,"column":0}},"229":{"start":{"line":230,"column":0},"end":{"line":230,"column":85}},"230":{"start":{"line":231,"column":0},"end":{"line":231,"column":0}},"231":{"start":{"line":232,"column":0},"end":{"line":232,"column":95}},"232":{"start":{"line":233,"column":0},"end":{"line":233,"column":0}},"233":{"start":{"line":234,"column":0},"end":{"line":234,"column":40}},"234":{"start":{"line":235,"column":0},"end":{"line":235,"column":0}},"235":{"start":{"line":236,"column":0},"end":{"line":236,"column":0}},"236":{"start":{"line":237,"column":0},"end":{"line":237,"column":72}},"237":{"start":{"line":238,"column":0},"end":{"line":238,"column":0}},"238":{"start":{"line":239,"column":0},"end":{"line":239,"column":0}},"239":{"start":{"line":240,"column":0},"end":{"line":240,"column":60}},"240":{"start":{"line":241,"column":0},"end":{"line":241,"column":0}},"241":{"start":{"line":242,"column":0},"end":{"line":242,"column":52}},"242":{"start":{"line":243,"column":0},"end":{"line":243,"column":0}},"243":{"start":{"line":244,"column":0},"end":{"line":244,"column":0}},"244":{"start":{"line":245,"column":0},"end":{"line":245,"column":0}},"245":{"start":{"line":246,"column":0},"end":{"line":246,"column":0}},"246":{"start":{"line":247,"column":0},"end":{"line":247,"column":15}},"247":{"start":{"line":248,"column":0},"end":{"line":248,"column":18}},"248":{"start":{"line":249,"column":0},"end":{"line":249,"column":36}},"249":{"start":{"line":250,"column":0},"end":{"line":250,"column":37}},"250":{"start":{"line":251,"column":0},"end":{"line":251,"column":26}},"251":{"start":{"line":252,"column":0},"end":{"line":252,"column":40}},"252":{"start":{"line":253,"column":0},"end":{"line":253,"column":14}},"253":{"start":{"line":254,"column":0},"end":{"line":254,"column":15}},"254":{"start":{"line":255,"column":0},"end":{"line":255,"column":9}},"255":{"start":{"line":256,"column":0},"end":{"line":256,"column":0}},"256":{"start":{"line":257,"column":0},"end":{"line":257,"column":19}},"257":{"start":{"line":258,"column":0},"end":{"line":258,"column":0}},"258":{"start":{"line":259,"column":0},"end":{"line":259,"column":0}},"259":{"start":{"line":260,"column":0},"end":{"line":260,"column":5}},"260":{"start":{"line":261,"column":0},"end":{"line":261,"column":0}},"261":{"start":{"line":262,"column":0},"end":{"line":262,"column":0}},"262":{"start":{"line":263,"column":0},"end":{"line":263,"column":0}},"263":{"start":{"line":264,"column":0},"end":{"line":264,"column":1}},"264":{"start":{"line":265,"column":0},"end":{"line":265,"column":0}},"265":{"start":{"line":266,"column":0},"end":{"line":266,"column":0}},"266":{"start":{"line":267,"column":0},"end":{"line":267,"column":0}},"267":{"start":{"line":268,"column":0},"end":{"line":268,"column":0}},"268":{"start":{"line":269,"column":0},"end":{"line":269,"column":78}},"269":{"start":{"line":270,"column":0},"end":{"line":270,"column":108}},"270":{"start":{"line":271,"column":0},"end":{"line":271,"column":0}},"271":{"start":{"line":272,"column":0},"end":{"line":272,"column":0}},"272":{"start":{"line":273,"column":0},"end":{"line":273,"column":32}},"273":{"start":{"line":274,"column":0},"end":{"line":274,"column":0}},"274":{"start":{"line":275,"column":0},"end":{"line":275,"column":0}},"275":{"start":{"line":276,"column":0},"end":{"line":276,"column":58}},"276":{"start":{"line":277,"column":0},"end":{"line":277,"column":5}},"277":{"start":{"line":278,"column":0},"end":{"line":278,"column":0}},"278":{"start":{"line":279,"column":0},"end":{"line":279,"column":0}},"279":{"start":{"line":280,"column":0},"end":{"line":280,"column":0}},"280":{"start":{"line":281,"column":0},"end":{"line":281,"column":0}},"281":{"start":{"line":282,"column":0},"end":{"line":282,"column":0}},"282":{"start":{"line":283,"column":0},"end":{"line":283,"column":37}},"283":{"start":{"line":284,"column":0},"end":{"line":284,"column":0}},"284":{"start":{"line":285,"column":0},"end":{"line":285,"column":0}},"285":{"start":{"line":286,"column":0},"end":{"line":286,"column":109}},"286":{"start":{"line":287,"column":0},"end":{"line":287,"column":0}},"287":{"start":{"line":288,"column":0},"end":{"line":288,"column":0}},"288":{"start":{"line":289,"column":0},"end":{"line":289,"column":0}},"289":{"start":{"line":290,"column":0},"end":{"line":290,"column":0}},"290":{"start":{"line":291,"column":0},"end":{"line":291,"column":19}},"291":{"start":{"line":292,"column":0},"end":{"line":292,"column":134}},"292":{"start":{"line":293,"column":0},"end":{"line":293,"column":14}},"293":{"start":{"line":294,"column":0},"end":{"line":294,"column":22}},"294":{"start":{"line":295,"column":0},"end":{"line":295,"column":21}},"295":{"start":{"line":296,"column":0},"end":{"line":296,"column":19}},"296":{"start":{"line":297,"column":0},"end":{"line":297,"column":13}},"297":{"start":{"line":298,"column":0},"end":{"line":298,"column":0}},"298":{"start":{"line":299,"column":0},"end":{"line":299,"column":9}},"299":{"start":{"line":300,"column":0},"end":{"line":300,"column":0}},"300":{"start":{"line":301,"column":0},"end":{"line":301,"column":0}},"301":{"start":{"line":302,"column":0},"end":{"line":302,"column":0}},"302":{"start":{"line":303,"column":0},"end":{"line":303,"column":0}},"303":{"start":{"line":304,"column":0},"end":{"line":304,"column":0}},"304":{"start":{"line":305,"column":0},"end":{"line":305,"column":14}},"305":{"start":{"line":306,"column":0},"end":{"line":306,"column":5}},"306":{"start":{"line":307,"column":0},"end":{"line":307,"column":0}},"307":{"start":{"line":308,"column":0},"end":{"line":308,"column":0}},"308":{"start":{"line":309,"column":0},"end":{"line":309,"column":32}},"309":{"start":{"line":310,"column":0},"end":{"line":310,"column":0}},"310":{"start":{"line":311,"column":0},"end":{"line":311,"column":0}},"311":{"start":{"line":312,"column":0},"end":{"line":312,"column":39}},"312":{"start":{"line":313,"column":0},"end":{"line":313,"column":0}},"313":{"start":{"line":314,"column":0},"end":{"line":314,"column":27}},"314":{"start":{"line":315,"column":0},"end":{"line":315,"column":9}},"315":{"start":{"line":316,"column":0},"end":{"line":316,"column":0}},"316":{"start":{"line":317,"column":0},"end":{"line":317,"column":5}},"317":{"start":{"line":318,"column":0},"end":{"line":318,"column":0}},"318":{"start":{"line":319,"column":0},"end":{"line":319,"column":0}},"319":{"start":{"line":320,"column":0},"end":{"line":320,"column":0}},"320":{"start":{"line":321,"column":0},"end":{"line":321,"column":1}},"321":{"start":{"line":322,"column":0},"end":{"line":322,"column":0}},"322":{"start":{"line":323,"column":0},"end":{"line":323,"column":98}},"323":{"start":{"line":324,"column":0},"end":{"line":324,"column":0}},"324":{"start":{"line":325,"column":0},"end":{"line":325,"column":45}},"325":{"start":{"line":326,"column":0},"end":{"line":326,"column":0}},"326":{"start":{"line":327,"column":0},"end":{"line":327,"column":0}},"327":{"start":{"line":328,"column":0},"end":{"line":328,"column":19}},"328":{"start":{"line":329,"column":0},"end":{"line":329,"column":33}},"329":{"start":{"line":330,"column":0},"end":{"line":330,"column":31}},"330":{"start":{"line":331,"column":0},"end":{"line":331,"column":21}},"331":{"start":{"line":332,"column":0},"end":{"line":332,"column":30}},"332":{"start":{"line":333,"column":0},"end":{"line":333,"column":60}},"333":{"start":{"line":334,"column":0},"end":{"line":334,"column":17}},"334":{"start":{"line":335,"column":0},"end":{"line":335,"column":13}},"335":{"start":{"line":336,"column":0},"end":{"line":336,"column":5}},"336":{"start":{"line":337,"column":0},"end":{"line":337,"column":0}},"337":{"start":{"line":338,"column":0},"end":{"line":338,"column":1}},"338":{"start":{"line":339,"column":0},"end":{"line":339,"column":0}},"339":{"start":{"line":340,"column":0},"end":{"line":340,"column":49}},"340":{"start":{"line":341,"column":0},"end":{"line":341,"column":0}},"341":{"start":{"line":342,"column":0},"end":{"line":342,"column":0}},"342":{"start":{"line":343,"column":0},"end":{"line":343,"column":123}},"343":{"start":{"line":344,"column":0},"end":{"line":344,"column":0}},"344":{"start":{"line":345,"column":0},"end":{"line":345,"column":0}},"345":{"start":{"line":346,"column":0},"end":{"line":346,"column":114}},"346":{"start":{"line":347,"column":0},"end":{"line":347,"column":0}},"347":{"start":{"line":348,"column":0},"end":{"line":348,"column":0}},"348":{"start":{"line":349,"column":0},"end":{"line":349,"column":26}},"349":{"start":{"line":350,"column":0},"end":{"line":350,"column":79}},"350":{"start":{"line":351,"column":0},"end":{"line":351,"column":1}},"351":{"start":{"line":352,"column":0},"end":{"line":352,"column":0}},"352":{"start":{"line":353,"column":0},"end":{"line":353,"column":0}},"353":{"start":{"line":354,"column":0},"end":{"line":354,"column":0}},"354":{"start":{"line":355,"column":0},"end":{"line":355,"column":0}},"355":{"start":{"line":356,"column":0},"end":{"line":356,"column":36}},"356":{"start":{"line":357,"column":0},"end":{"line":357,"column":0}},"357":{"start":{"line":358,"column":0},"end":{"line":358,"column":0}},"358":{"start":{"line":359,"column":0},"end":{"line":359,"column":0}},"359":{"start":{"line":360,"column":0},"end":{"line":360,"column":52}},"360":{"start":{"line":361,"column":0},"end":{"line":361,"column":0}},"361":{"start":{"line":362,"column":0},"end":{"line":362,"column":0}},"362":{"start":{"line":363,"column":0},"end":{"line":363,"column":31}},"363":{"start":{"line":364,"column":0},"end":{"line":364,"column":90}},"364":{"start":{"line":365,"column":0},"end":{"line":365,"column":6}},"365":{"start":{"line":366,"column":0},"end":{"line":366,"column":1}},"366":{"start":{"line":367,"column":0},"end":{"line":367,"column":0}},"367":{"start":{"line":368,"column":0},"end":{"line":368,"column":0}},"368":{"start":{"line":369,"column":0},"end":{"line":369,"column":0}},"369":{"start":{"line":370,"column":0},"end":{"line":370,"column":33}},"370":{"start":{"line":371,"column":0},"end":{"line":371,"column":0}},"371":{"start":{"line":372,"column":0},"end":{"line":372,"column":74}},"372":{"start":{"line":373,"column":0},"end":{"line":373,"column":0}},"373":{"start":{"line":374,"column":0},"end":{"line":374,"column":1}},"374":{"start":{"line":375,"column":0},"end":{"line":375,"column":0}},"375":{"start":{"line":376,"column":0},"end":{"line":376,"column":119}},"376":{"start":{"line":377,"column":0},"end":{"line":377,"column":0}},"377":{"start":{"line":378,"column":0},"end":{"line":378,"column":0}},"378":{"start":{"line":379,"column":0},"end":{"line":379,"column":72}},"379":{"start":{"line":380,"column":0},"end":{"line":380,"column":0}},"380":{"start":{"line":381,"column":0},"end":{"line":381,"column":0}},"381":{"start":{"line":382,"column":0},"end":{"line":382,"column":1}},"382":{"start":{"line":383,"column":0},"end":{"line":383,"column":0}},"383":{"start":{"line":384,"column":0},"end":{"line":384,"column":68}},"384":{"start":{"line":385,"column":0},"end":{"line":385,"column":0}},"385":{"start":{"line":386,"column":0},"end":{"line":386,"column":51}},"386":{"start":{"line":387,"column":0},"end":{"line":387,"column":0}},"387":{"start":{"line":388,"column":0},"end":{"line":388,"column":1}},"388":{"start":{"line":389,"column":0},"end":{"line":389,"column":0}},"389":{"start":{"line":390,"column":0},"end":{"line":390,"column":0}},"390":{"start":{"line":391,"column":0},"end":{"line":391,"column":0}},"391":{"start":{"line":392,"column":0},"end":{"line":392,"column":0}},"392":{"start":{"line":393,"column":0},"end":{"line":393,"column":0}},"393":{"start":{"line":394,"column":0},"end":{"line":394,"column":0}},"394":{"start":{"line":395,"column":0},"end":{"line":395,"column":8}},"395":{"start":{"line":396,"column":0},"end":{"line":396,"column":10}},"396":{"start":{"line":397,"column":0},"end":{"line":397,"column":12}},"397":{"start":{"line":398,"column":0},"end":{"line":398,"column":17}},"398":{"start":{"line":399,"column":0},"end":{"line":399,"column":15}},"399":{"start":{"line":400,"column":0},"end":{"line":400,"column":14}},"400":{"start":{"line":401,"column":0},"end":{"line":401,"column":16}},"401":{"start":{"line":402,"column":0},"end":{"line":402,"column":18}},"402":{"start":{"line":403,"column":0},"end":{"line":403,"column":28}},"403":{"start":{"line":404,"column":0},"end":{"line":404,"column":27}},"404":{"start":{"line":405,"column":0},"end":{"line":405,"column":28}},"405":{"start":{"line":406,"column":0},"end":{"line":406,"column":1}}},"s":{"0":1,"1":1,"2":1,"3":1,"4":1,"5":1,"6":1,"7":1,"8":1,"9":1,"10":15,"11":15,"12":0,"13":1,"14":1,"15":1,"16":1,"17":0,"18":0,"19":0,"20":0,"21":0,"22":0,"23":1,"24":0,"25":0,"26":0,"27":0,"28":0,"29":0,"30":1,"31":1,"32":27,"33":27,"34":27,"35":27,"36":1,"37":1,"38":12,"39":12,"40":1,"41":1,"42":1,"43":1,"44":13,"45":13,"46":13,"47":13,"48":1,"49":1,"50":1,"51":1,"52":12,"53":12,"54":13,"55":1,"56":1,"57":1,"58":1,"59":1,"60":1,"61":1,"62":11,"63":11,"64":11,"65":11,"66":13,"67":13,"68":13,"69":1,"70":1,"71":1,"72":1,"73":1,"74":10,"75":10,"76":13,"77":13,"78":13,"79":1,"80":1,"81":1,"82":1,"83":1,"84":9,"85":9,"86":9,"87":9,"88":9,"89":9,"90":9,"91":13,"92":7,"93":7,"94":7,"95":7,"96":30,"97":30,"98":30,"99":30,"100":30,"101":30,"102":30,"103":7,"104":7,"105":7,"106":2,"107":2,"108":2,"109":2,"110":2,"111":2,"112":2,"113":10,"114":10,"115":10,"116":10,"117":10,"118":10,"119":10,"120":2,"121":2,"122":13,"123":13,"124":13,"125":13,"126":1,"127":1,"128":1,"129":1,"130":1,"131":1,"132":1,"133":1,"134":1,"135":4,"136":4,"137":4,"138":4,"139":4,"140":4,"141":1,"142":1,"143":1,"144":25,"145":25,"146":25,"147":25,"148":25,"149":25,"150":25,"151":25,"152":25,"153":0,"154":0,"155":0,"156":0,"157":0,"158":0,"159":25,"160":25,"161":25,"162":25,"163":25,"164":25,"165":25,"166":1,"167":7,"168":7,"169":7,"170":7,"171":7,"172":0,"173":0,"174":0,"175":7,"176":7,"177":7,"178":7,"179":5,"180":5,"181":5,"182":13,"183":13,"184":13,"185":13,"186":13,"187":13,"188":13,"189":13,"190":13,"191":13,"192":13,"193":13,"194":5,"195":5,"196":5,"197":5,"198":5,"199":5,"200":5,"201":2,"202":2,"203":2,"204":2,"205":2,"206":12,"207":12,"208":12,"209":12,"210":12,"211":12,"212":12,"213":12,"214":2,"215":2,"216":7,"217":7,"218":7,"219":7,"220":7,"221":7,"222":1,"223":1,"224":1,"225":8,"226":8,"227":8,"228":8,"229":8,"230":8,"231":8,"232":8,"233":8,"234":8,"235":8,"236":8,"237":8,"238":8,"239":8,"240":8,"241":8,"242":20,"243":20,"244":20,"245":20,"246":20,"247":20,"248":20,"249":20,"250":20,"251":20,"252":20,"253":20,"254":20,"255":20,"256":20,"257":20,"258":20,"259":20,"260":8,"261":8,"262":8,"263":8,"264":1,"265":1,"266":1,"267":1,"268":4,"269":4,"270":4,"271":4,"272":4,"273":0,"274":0,"275":0,"276":0,"277":4,"278":4,"279":4,"280":4,"281":4,"282":4,"283":2,"284":2,"285":2,"286":3,"287":3,"288":3,"289":3,"290":3,"291":3,"292":3,"293":3,"294":3,"295":3,"296":3,"297":3,"298":3,"299":2,"300":2,"301":2,"302":2,"303":2,"304":2,"305":2,"306":2,"307":2,"308":2,"309":2,"310":2,"311":2,"312":8,"313":8,"314":8,"315":2,"316":2,"317":4,"318":4,"319":4,"320":4,"321":1,"322":2,"323":2,"324":2,"325":2,"326":2,"327":2,"328":2,"329":2,"330":12,"331":12,"332":12,"333":12,"334":12,"335":2,"336":2,"337":2,"338":1,"339":1,"340":1,"341":1,"342":1,"343":1,"344":1,"345":1,"346":1,"347":1,"348":1,"349":1,"350":1,"351":1,"352":1,"353":1,"354":1,"355":0,"356":0,"357":0,"358":0,"359":0,"360":0,"361":0,"362":0,"363":0,"364":0,"365":0,"366":1,"367":1,"368":1,"369":0,"370":0,"371":0,"372":0,"373":0,"374":1,"375":0,"376":0,"377":0,"378":0,"379":0,"380":0,"381":0,"382":1,"383":0,"384":0,"385":0,"386":0,"387":0,"388":1,"389":1,"390":1,"391":1,"392":1,"393":1,"394":1,"395":1,"396":1,"397":1,"398":1,"399":1,"400":1,"401":1,"402":1,"403":1,"404":1,"405":1},"branchMap":{"0":{"type":"branch","line":10,"loc":{"start":{"line":10,"column":19},"end":{"line":13,"column":60}},"locations":[{"start":{"line":10,"column":19},"end":{"line":13,"column":60}}]},"1":{"type":"branch","line":12,"loc":{"start":{"line":12,"column":42},"end":{"line":13,"column":60}},"locations":[{"start":{"line":12,"column":42},"end":{"line":13,"column":60}}]},"2":{"type":"branch","line":33,"loc":{"start":{"line":33,"column":0},"end":{"line":36,"column":1}},"locations":[{"start":{"line":33,"column":0},"end":{"line":36,"column":1}}]},"3":{"type":"branch","line":38,"loc":{"start":{"line":38,"column":7},"end":{"line":40,"column":1}},"locations":[{"start":{"line":38,"column":7},"end":{"line":40,"column":1}}]},"4":{"type":"branch","line":45,"loc":{"start":{"line":45,"column":0},"end":{"line":126,"column":1}},"locations":[{"start":{"line":45,"column":0},"end":{"line":126,"column":1}}]},"5":{"type":"branch","line":48,"loc":{"start":{"line":48,"column":24},"end":{"line":52,"column":5}},"locations":[{"start":{"line":48,"column":24},"end":{"line":52,"column":5}}]},"6":{"type":"branch","line":52,"loc":{"start":{"line":52,"column":4},"end":{"line":55,"column":20}},"locations":[{"start":{"line":52,"column":4},"end":{"line":55,"column":20}}]},"7":{"type":"branch","line":55,"loc":{"start":{"line":55,"column":20},"end":{"line":62,"column":5}},"locations":[{"start":{"line":55,"column":20},"end":{"line":62,"column":5}}]},"8":{"type":"branch","line":62,"loc":{"start":{"line":62,"column":4},"end":{"line":67,"column":68}},"locations":[{"start":{"line":62,"column":4},"end":{"line":67,"column":68}}]},"9":{"type":"branch","line":67,"loc":{"start":{"line":67,"column":60},"end":{"line":67,"column":81}},"locations":[{"start":{"line":67,"column":60},"end":{"line":67,"column":81}}]},"10":{"type":"branch","line":69,"loc":{"start":{"line":69,"column":49},"end":{"line":74,"column":5}},"locations":[{"start":{"line":69,"column":49},"end":{"line":74,"column":5}}]},"11":{"type":"branch","line":74,"loc":{"start":{"line":74,"column":4},"end":{"line":77,"column":68}},"locations":[{"start":{"line":74,"column":4},"end":{"line":77,"column":68}}]},"12":{"type":"branch","line":77,"loc":{"start":{"line":77,"column":60},"end":{"line":77,"column":81}},"locations":[{"start":{"line":77,"column":60},"end":{"line":77,"column":81}}]},"13":{"type":"branch","line":79,"loc":{"start":{"line":79,"column":49},"end":{"line":84,"column":5}},"locations":[{"start":{"line":79,"column":49},"end":{"line":84,"column":5}}]},"14":{"type":"branch","line":84,"loc":{"start":{"line":84,"column":4},"end":{"line":92,"column":23}},"locations":[{"start":{"line":84,"column":4},"end":{"line":92,"column":23}}]},"15":{"type":"branch","line":92,"loc":{"start":{"line":92,"column":23},"end":{"line":106,"column":5}},"locations":[{"start":{"line":92,"column":23},"end":{"line":106,"column":5}}]},"16":{"type":"branch","line":96,"loc":{"start":{"line":96,"column":29},"end":{"line":103,"column":9}},"locations":[{"start":{"line":96,"column":29},"end":{"line":103,"column":9}}]},"17":{"type":"branch","line":106,"loc":{"start":{"line":106,"column":4},"end":{"line":122,"column":5}},"locations":[{"start":{"line":106,"column":4},"end":{"line":122,"column":5}}]},"18":{"type":"branch","line":113,"loc":{"start":{"line":113,"column":29},"end":{"line":120,"column":9}},"locations":[{"start":{"line":113,"column":29},"end":{"line":120,"column":9}}]},"19":{"type":"branch","line":136,"loc":{"start":{"line":136,"column":0},"end":{"line":141,"column":1}},"locations":[{"start":{"line":136,"column":0},"end":{"line":141,"column":1}}]},"20":{"type":"branch","line":145,"loc":{"start":{"line":145,"column":0},"end":{"line":166,"column":1}},"locations":[{"start":{"line":145,"column":0},"end":{"line":166,"column":1}}]},"21":{"type":"branch","line":148,"loc":{"start":{"line":148,"column":11},"end":{"line":164,"column":5}},"locations":[{"start":{"line":148,"column":11},"end":{"line":164,"column":5}}]},"22":{"type":"branch","line":153,"loc":{"start":{"line":153,"column":36},"end":{"line":159,"column":9}},"locations":[{"start":{"line":153,"column":36},"end":{"line":159,"column":9}}]},"23":{"type":"branch","line":168,"loc":{"start":{"line":168,"column":0},"end":{"line":222,"column":1}},"locations":[{"start":{"line":168,"column":0},"end":{"line":222,"column":1}}]},"24":{"type":"branch","line":172,"loc":{"start":{"line":172,"column":31},"end":{"line":175,"column":5}},"locations":[{"start":{"line":172,"column":31},"end":{"line":175,"column":5}}]},"25":{"type":"branch","line":179,"loc":{"start":{"line":179,"column":36},"end":{"line":201,"column":5}},"locations":[{"start":{"line":179,"column":36},"end":{"line":201,"column":5}}]},"26":{"type":"branch","line":182,"loc":{"start":{"line":182,"column":108},"end":{"line":194,"column":9}},"locations":[{"start":{"line":182,"column":108},"end":{"line":194,"column":9}}]},"27":{"type":"branch","line":201,"loc":{"start":{"line":201,"column":4},"end":{"line":216,"column":5}},"locations":[{"start":{"line":201,"column":4},"end":{"line":216,"column":5}}]},"28":{"type":"branch","line":206,"loc":{"start":{"line":206,"column":38},"end":{"line":214,"column":9}},"locations":[{"start":{"line":206,"column":38},"end":{"line":214,"column":9}}]},"29":{"type":"branch","line":225,"loc":{"start":{"line":225,"column":7},"end":{"line":264,"column":1}},"locations":[{"start":{"line":225,"column":7},"end":{"line":264,"column":1}}]},"30":{"type":"branch","line":242,"loc":{"start":{"line":242,"column":51},"end":{"line":260,"column":5}},"locations":[{"start":{"line":242,"column":51},"end":{"line":260,"column":5}}]},"31":{"type":"branch","line":237,"loc":{"start":{"line":237,"column":21},"end":{"line":237,"column":71}},"locations":[{"start":{"line":237,"column":21},"end":{"line":237,"column":71}}]},"32":{"type":"branch","line":269,"loc":{"start":{"line":269,"column":0},"end":{"line":321,"column":1}},"locations":[{"start":{"line":269,"column":0},"end":{"line":321,"column":1}}]},"33":{"type":"branch","line":273,"loc":{"start":{"line":273,"column":31},"end":{"line":277,"column":5}},"locations":[{"start":{"line":273,"column":31},"end":{"line":277,"column":5}}]},"34":{"type":"branch","line":283,"loc":{"start":{"line":283,"column":36},"end":{"line":317,"column":5}},"locations":[{"start":{"line":283,"column":36},"end":{"line":317,"column":5}}]},"35":{"type":"branch","line":286,"loc":{"start":{"line":286,"column":108},"end":{"line":299,"column":9}},"locations":[{"start":{"line":286,"column":108},"end":{"line":299,"column":9}}]},"36":{"type":"branch","line":312,"loc":{"start":{"line":312,"column":38},"end":{"line":315,"column":9}},"locations":[{"start":{"line":312,"column":38},"end":{"line":315,"column":9}}]},"37":{"type":"branch","line":323,"loc":{"start":{"line":323,"column":0},"end":{"line":338,"column":1}},"locations":[{"start":{"line":323,"column":0},"end":{"line":338,"column":1}}]},"38":{"type":"branch","line":330,"loc":{"start":{"line":330,"column":8},"end":{"line":335,"column":13}},"locations":[{"start":{"line":330,"column":8},"end":{"line":335,"column":13}}]}},"b":{"0":[15],"1":[0],"2":[27],"3":[12],"4":[13],"5":[1],"6":[12],"7":[1],"8":[11],"9":[3],"10":[1],"11":[10],"12":[8],"13":[1],"14":[9],"15":[7],"16":[30],"17":[2],"18":[10],"19":[4],"20":[25],"21":[25],"22":[0],"23":[7],"24":[0],"25":[5],"26":[13],"27":[2],"28":[12],"29":[8],"30":[20],"31":[20],"32":[4],"33":[0],"34":[2],"35":[3],"36":[8],"37":[2],"38":[12]},"fnMap":{"0":{"name":"isIterable","decl":{"start":{"line":10,"column":19},"end":{"line":13,"column":60}},"loc":{"start":{"line":10,"column":19},"end":{"line":13,"column":60}},"line":10},"1":{"name":"executeIf","decl":{"start":{"line":18,"column":0},"end":{"line":23,"column":1}},"loc":{"start":{"line":18,"column":0},"end":{"line":23,"column":1}},"line":18},"2":{"name":"executeUnless","decl":{"start":{"line":25,"column":0},"end":{"line":30,"column":1}},"loc":{"start":{"line":25,"column":0},"end":{"line":30,"column":1}},"line":25},"3":{"name":"isObject","decl":{"start":{"line":33,"column":0},"end":{"line":36,"column":1}},"loc":{"start":{"line":33,"column":0},"end":{"line":36,"column":1}},"line":33},"4":{"name":"hasForEachMethod","decl":{"start":{"line":38,"column":7},"end":{"line":40,"column":1}},"loc":{"start":{"line":38,"column":7},"end":{"line":40,"column":1}},"line":38},"5":{"name":"range","decl":{"start":{"line":45,"column":0},"end":{"line":126,"column":1}},"loc":{"start":{"line":45,"column":0},"end":{"line":126,"column":1}},"line":45},"6":{"name":"isGenerator","decl":{"start":{"line":136,"column":0},"end":{"line":141,"column":1}},"loc":{"start":{"line":136,"column":0},"end":{"line":141,"column":1}},"line":136},"7":{"name":"wrapFunctionInAsyncGenerator","decl":{"start":{"line":145,"column":0},"end":{"line":166,"column":1}},"loc":{"start":{"line":145,"column":0},"end":{"line":166,"column":1}},"line":145},"8":{"name":"iterate","decl":{"start":{"line":168,"column":0},"end":{"line":222,"column":1}},"loc":{"start":{"line":168,"column":0},"end":{"line":222,"column":1}},"line":168},"9":{"name":"generateIterationInfoForIterablesThatAreNotGenerators","decl":{"start":{"line":225,"column":7},"end":{"line":264,"column":1}},"loc":{"start":{"line":225,"column":7},"end":{"line":264,"column":1}},"line":225},"10":{"name":"syncIterate","decl":{"start":{"line":269,"column":0},"end":{"line":321,"column":1}},"loc":{"start":{"line":269,"column":0},"end":{"line":321,"column":1}},"line":269},"11":{"name":"iterateRange","decl":{"start":{"line":323,"column":0},"end":{"line":338,"column":1}},"loc":{"start":{"line":323,"column":0},"end":{"line":338,"column":1}},"line":323},"12":{"name":"defineGlobalTemplateMap","decl":{"start":{"line":356,"column":0},"end":{"line":366,"column":1}},"loc":{"start":{"line":356,"column":0},"end":{"line":366,"column":1}},"line":356},"13":{"name":"getGlobalTemplateMap","decl":{"start":{"line":370,"column":0},"end":{"line":374,"column":1}},"loc":{"start":{"line":370,"column":0},"end":{"line":374,"column":1}},"line":370},"14":{"name":"setToGlobalTemplateMap","decl":{"start":{"line":376,"column":0},"end":{"line":382,"column":1}},"loc":{"start":{"line":376,"column":0},"end":{"line":382,"column":1}},"line":376},"15":{"name":"getFromGlobalTemplateMap","decl":{"start":{"line":384,"column":0},"end":{"line":388,"column":1}},"loc":{"start":{"line":384,"column":0},"end":{"line":388,"column":1}},"line":384}},"f":{"0":15,"1":0,"2":0,"3":27,"4":12,"5":13,"6":4,"7":25,"8":7,"9":8,"10":4,"11":2,"12":0,"13":0,"14":0,"15":0}}
,"/home/louiss/main/web-projects/monorepo/forastro/packages/utilities/src/lib/types.ts": {"path":"/home/louiss/main/web-projects/monorepo/forastro/packages/utilities/src/lib/types.ts","all":false,"statementMap":{"0":{"start":{"line":1,"column":0},"end":{"line":1,"column":25}},"1":{"start":{"line":2,"column":0},"end":{"line":2,"column":90}},"2":{"start":{"line":3,"column":0},"end":{"line":3,"column":1}},"3":{"start":{"line":4,"column":0},"end":{"line":4,"column":0}},"4":{"start":{"line":5,"column":0},"end":{"line":5,"column":0}},"5":{"start":{"line":6,"column":0},"end":{"line":6,"column":118}},"6":{"start":{"line":7,"column":0},"end":{"line":7,"column":0}},"7":{"start":{"line":8,"column":0},"end":{"line":8,"column":104}},"8":{"start":{"line":9,"column":0},"end":{"line":9,"column":30}},"9":{"start":{"line":10,"column":0},"end":{"line":10,"column":7}},"10":{"start":{"line":11,"column":0},"end":{"line":11,"column":65}},"11":{"start":{"line":12,"column":0},"end":{"line":12,"column":28}},"12":{"start":{"line":13,"column":0},"end":{"line":13,"column":62}},"13":{"start":{"line":14,"column":0},"end":{"line":14,"column":10}},"14":{"start":{"line":15,"column":0},"end":{"line":15,"column":25}},"15":{"start":{"line":16,"column":0},"end":{"line":16,"column":50}},"16":{"start":{"line":17,"column":0},"end":{"line":17,"column":11}},"17":{"start":{"line":18,"column":0},"end":{"line":18,"column":0}},"18":{"start":{"line":19,"column":0},"end":{"line":19,"column":72}},"19":{"start":{"line":20,"column":0},"end":{"line":20,"column":0}},"20":{"start":{"line":21,"column":0},"end":{"line":21,"column":28}},"21":{"start":{"line":22,"column":0},"end":{"line":22,"column":17}},"22":{"start":{"line":23,"column":0},"end":{"line":23,"column":16}},"23":{"start":{"line":24,"column":0},"end":{"line":24,"column":17}},"24":{"start":{"line":25,"column":0},"end":{"line":25,"column":1}},"25":{"start":{"line":26,"column":0},"end":{"line":26,"column":0}},"26":{"start":{"line":27,"column":0},"end":{"line":27,"column":21}},"27":{"start":{"line":28,"column":0},"end":{"line":28,"column":0}},"28":{"start":{"line":29,"column":0},"end":{"line":29,"column":17}},"29":{"start":{"line":30,"column":0},"end":{"line":30,"column":51}},"30":{"start":{"line":31,"column":0},"end":{"line":31,"column":46}},"31":{"start":{"line":32,"column":0},"end":{"line":32,"column":50}},"32":{"start":{"line":33,"column":0},"end":{"line":33,"column":0}},"33":{"start":{"line":34,"column":0},"end":{"line":34,"column":7}},"34":{"start":{"line":35,"column":0},"end":{"line":35,"column":0}},"35":{"start":{"line":36,"column":0},"end":{"line":36,"column":5}},"36":{"start":{"line":37,"column":0},"end":{"line":37,"column":0}},"37":{"start":{"line":38,"column":0},"end":{"line":38,"column":17}},"38":{"start":{"line":39,"column":0},"end":{"line":39,"column":0}},"39":{"start":{"line":40,"column":0},"end":{"line":40,"column":61}},"40":{"start":{"line":41,"column":0},"end":{"line":41,"column":0}},"41":{"start":{"line":42,"column":0},"end":{"line":42,"column":5}},"42":{"start":{"line":43,"column":0},"end":{"line":43,"column":0}},"43":{"start":{"line":44,"column":0},"end":{"line":44,"column":21}},"44":{"start":{"line":45,"column":0},"end":{"line":45,"column":0}},"45":{"start":{"line":46,"column":0},"end":{"line":46,"column":36}},"46":{"start":{"line":47,"column":0},"end":{"line":47,"column":5}},"47":{"start":{"line":48,"column":0},"end":{"line":48,"column":0}},"48":{"start":{"line":49,"column":0},"end":{"line":49,"column":19}},"49":{"start":{"line":50,"column":0},"end":{"line":50,"column":59}},"50":{"start":{"line":51,"column":0},"end":{"line":51,"column":5}},"51":{"start":{"line":52,"column":0},"end":{"line":52,"column":0}},"52":{"start":{"line":53,"column":0},"end":{"line":53,"column":18}},"53":{"start":{"line":54,"column":0},"end":{"line":54,"column":55}},"54":{"start":{"line":55,"column":0},"end":{"line":55,"column":5}},"55":{"start":{"line":56,"column":0},"end":{"line":56,"column":0}},"56":{"start":{"line":57,"column":0},"end":{"line":57,"column":18}},"57":{"start":{"line":58,"column":0},"end":{"line":58,"column":42}},"58":{"start":{"line":59,"column":0},"end":{"line":59,"column":0}},"59":{"start":{"line":60,"column":0},"end":{"line":60,"column":5}},"60":{"start":{"line":61,"column":0},"end":{"line":61,"column":0}},"61":{"start":{"line":62,"column":0},"end":{"line":62,"column":17}},"62":{"start":{"line":63,"column":0},"end":{"line":63,"column":42}},"63":{"start":{"line":64,"column":0},"end":{"line":64,"column":0}},"64":{"start":{"line":65,"column":0},"end":{"line":65,"column":5}},"65":{"start":{"line":66,"column":0},"end":{"line":66,"column":21}},"66":{"start":{"line":67,"column":0},"end":{"line":67,"column":0}},"67":{"start":{"line":68,"column":0},"end":{"line":68,"column":53}},"68":{"start":{"line":69,"column":0},"end":{"line":69,"column":0}},"69":{"start":{"line":70,"column":0},"end":{"line":70,"column":5}},"70":{"start":{"line":71,"column":0},"end":{"line":71,"column":0}},"71":{"start":{"line":72,"column":0},"end":{"line":72,"column":0}},"72":{"start":{"line":73,"column":0},"end":{"line":73,"column":1}},"73":{"start":{"line":74,"column":0},"end":{"line":74,"column":0}},"74":{"start":{"line":75,"column":0},"end":{"line":75,"column":0}},"75":{"start":{"line":76,"column":0},"end":{"line":76,"column":13}},"76":{"start":{"line":77,"column":0},"end":{"line":77,"column":21}},"77":{"start":{"line":78,"column":0},"end":{"line":78,"column":96}},"78":{"start":{"line":79,"column":0},"end":{"line":79,"column":24}},"79":{"start":{"line":80,"column":0},"end":{"line":80,"column":24}},"80":{"start":{"line":81,"column":0},"end":{"line":81,"column":1}},"81":{"start":{"line":82,"column":0},"end":{"line":82,"column":0}},"82":{"start":{"line":83,"column":0},"end":{"line":83,"column":24}}},"s":{"0":1,"1":1,"2":1,"3":1,"4":1,"5":1,"6":1,"7":1,"8":1,"9":1,"10":1,"11":1,"12":1,"13":1,"14":1,"15":1,"16":1,"17":1,"18":1,"19":1,"20":1,"21":1,"22":1,"23":1,"24":1,"25":1,"26":1,"27":1,"28":1,"29":35,"30":35,"31":35,"32":35,"33":35,"34":35,"35":35,"36":1,"37":1,"38":1,"39":1,"40":1,"41":1,"42":1,"43":1,"44":18,"45":18,"46":18,"47":1,"48":1,"49":1,"50":1,"51":1,"52":1,"53":1,"54":1,"55":1,"56":1,"57":3,"58":3,"59":3,"60":1,"61":1,"62":3,"63":3,"64":3,"65":1,"66":2,"67":2,"68":2,"69":2,"70":1,"71":1,"72":1,"73":1,"74":1,"75":1,"76":1,"77":1,"78":1,"79":1,"80":1,"81":1,"82":1},"branchMap":{"0":{"type":"branch","line":29,"loc":{"start":{"line":29,"column":4},"end":{"line":36,"column":5}},"locations":[{"start":{"line":29,"column":4},"end":{"line":36,"column":5}}]},"1":{"type":"branch","line":38,"loc":{"start":{"line":38,"column":4},"end":{"line":42,"column":5}},"locations":[{"start":{"line":38,"column":4},"end":{"line":42,"column":5}}]},"2":{"type":"branch","line":44,"loc":{"start":{"line":44,"column":4},"end":{"line":47,"column":5}},"locations":[{"start":{"line":44,"column":4},"end":{"line":47,"column":5}}]},"3":{"type":"branch","line":49,"loc":{"start":{"line":49,"column":4},"end":{"line":51,"column":5}},"locations":[{"start":{"line":49,"column":4},"end":{"line":51,"column":5}}]},"4":{"type":"branch","line":53,"loc":{"start":{"line":53,"column":4},"end":{"line":55,"column":5}},"locations":[{"start":{"line":53,"column":4},"end":{"line":55,"column":5}}]},"5":{"type":"branch","line":57,"loc":{"start":{"line":57,"column":4},"end":{"line":60,"column":5}},"locations":[{"start":{"line":57,"column":4},"end":{"line":60,"column":5}}]},"6":{"type":"branch","line":62,"loc":{"start":{"line":62,"column":4},"end":{"line":65,"column":5}},"locations":[{"start":{"line":62,"column":4},"end":{"line":65,"column":5}}]},"7":{"type":"branch","line":66,"loc":{"start":{"line":66,"column":4},"end":{"line":70,"column":5}},"locations":[{"start":{"line":66,"column":4},"end":{"line":70,"column":5}}]}},"b":{"0":[35],"1":[1],"2":[18],"3":[1],"4":[1],"5":[3],"6":[3],"7":[2]},"fnMap":{"0":{"name":"IterationInfo","decl":{"start":{"line":29,"column":4},"end":{"line":36,"column":5}},"loc":{"start":{"line":29,"column":4},"end":{"line":36,"column":5}},"line":29},"1":{"name":"get count","decl":{"start":{"line":38,"column":4},"end":{"line":42,"column":5}},"loc":{"start":{"line":38,"column":4},"end":{"line":42,"column":5}},"line":38},"2":{"name":"get iteration","decl":{"start":{"line":44,"column":4},"end":{"line":47,"column":5}},"loc":{"start":{"line":44,"column":4},"end":{"line":47,"column":5}},"line":44},"3":{"name":"get isFirst","decl":{"start":{"line":49,"column":4},"end":{"line":51,"column":5}},"loc":{"start":{"line":49,"column":4},"end":{"line":51,"column":5}},"line":49},"4":{"name":"get isLast","decl":{"start":{"line":53,"column":4},"end":{"line":55,"column":5}},"loc":{"start":{"line":53,"column":4},"end":{"line":55,"column":5}},"line":53},"5":{"name":"get isEven","decl":{"start":{"line":57,"column":4},"end":{"line":60,"column":5}},"loc":{"start":{"line":57,"column":4},"end":{"line":60,"column":5}},"line":57},"6":{"name":"get isOdd","decl":{"start":{"line":62,"column":4},"end":{"line":65,"column":5}},"loc":{"start":{"line":62,"column":4},"end":{"line":65,"column":5}},"line":62},"7":{"name":"get remaining","decl":{"start":{"line":66,"column":4},"end":{"line":70,"column":5}},"loc":{"start":{"line":66,"column":4},"end":{"line":70,"column":5}},"line":66}},"f":{"0":35,"1":1,"2":18,"3":1,"4":1,"5":3,"6":3,"7":2}}
}
