{"C:\\Users\\louis\\Desktop\\web-projects\\monorepo\\@forastro\\packages\\utilities\\src\\lib\\helpers.ts": {"path":"C:\\Users\\louis\\Desktop\\web-projects\\monorepo\\@forastro\\packages\\utilities\\src\\lib\\helpers.ts","all":false,"statementMap":{"0":{"start":{"line":1,"column":0},"end":{"line":1,"column":8}},"1":{"start":{"line":2,"column":0},"end":{"line":2,"column":96}},"2":{"start":{"line":3,"column":0},"end":{"line":3,"column":21}},"3":{"start":{"line":4,"column":0},"end":{"line":4,"column":25}},"4":{"start":{"line":5,"column":0},"end":{"line":5,"column":24}},"5":{"start":{"line":6,"column":0},"end":{"line":6,"column":17}},"6":{"start":{"line":7,"column":0},"end":{"line":7,"column":16}},"7":{"start":{"line":8,"column":0},"end":{"line":8,"column":0}},"8":{"start":{"line":9,"column":0},"end":{"line":9,"column":64}},"9":{"start":{"line":10,"column":0},"end":{"line":10,"column":24}},"10":{"start":{"line":11,"column":0},"end":{"line":11,"column":52}},"11":{"start":{"line":12,"column":0},"end":{"line":12,"column":60}},"12":{"start":{"line":13,"column":0},"end":{"line":13,"column":9}},"13":{"start":{"line":14,"column":0},"end":{"line":14,"column":0}},"14":{"start":{"line":15,"column":0},"end":{"line":15,"column":0}},"15":{"start":{"line":16,"column":0},"end":{"line":16,"column":0}},"16":{"start":{"line":17,"column":0},"end":{"line":17,"column":0}},"17":{"start":{"line":18,"column":0},"end":{"line":18,"column":73}},"18":{"start":{"line":19,"column":0},"end":{"line":19,"column":0}},"19":{"start":{"line":20,"column":0},"end":{"line":20,"column":53}},"20":{"start":{"line":21,"column":0},"end":{"line":21,"column":1}},"21":{"start":{"line":22,"column":0},"end":{"line":22,"column":0}},"22":{"start":{"line":23,"column":0},"end":{"line":23,"column":70}},"23":{"start":{"line":24,"column":0},"end":{"line":24,"column":46}},"24":{"start":{"line":25,"column":0},"end":{"line":25,"column":1}},"25":{"start":{"line":26,"column":0},"end":{"line":26,"column":0}},"26":{"start":{"line":27,"column":0},"end":{"line":27,"column":0}},"27":{"start":{"line":28,"column":0},"end":{"line":28,"column":0}},"28":{"start":{"line":29,"column":0},"end":{"line":29,"column":50}},"29":{"start":{"line":30,"column":0},"end":{"line":30,"column":4}},"30":{"start":{"line":31,"column":0},"end":{"line":31,"column":0}},"31":{"start":{"line":32,"column":0},"end":{"line":32,"column":25}},"32":{"start":{"line":33,"column":0},"end":{"line":33,"column":8}},"33":{"start":{"line":34,"column":0},"end":{"line":34,"column":54}},"34":{"start":{"line":35,"column":0},"end":{"line":35,"column":6}},"35":{"start":{"line":36,"column":0},"end":{"line":36,"column":0}},"36":{"start":{"line":37,"column":0},"end":{"line":37,"column":21}},"37":{"start":{"line":38,"column":0},"end":{"line":38,"column":4}},"38":{"start":{"line":39,"column":0},"end":{"line":39,"column":0}},"39":{"start":{"line":40,"column":0},"end":{"line":40,"column":24}},"40":{"start":{"line":41,"column":0},"end":{"line":41,"column":8}},"41":{"start":{"line":42,"column":0},"end":{"line":42,"column":30}},"42":{"start":{"line":43,"column":0},"end":{"line":43,"column":12}},"43":{"start":{"line":44,"column":0},"end":{"line":44,"column":23}},"44":{"start":{"line":45,"column":0},"end":{"line":45,"column":4}},"45":{"start":{"line":46,"column":0},"end":{"line":46,"column":25}},"46":{"start":{"line":47,"column":0},"end":{"line":47,"column":9}},"47":{"start":{"line":48,"column":0},"end":{"line":48,"column":14}},"48":{"start":{"line":49,"column":0},"end":{"line":49,"column":5}},"49":{"start":{"line":50,"column":0},"end":{"line":50,"column":4}},"50":{"start":{"line":51,"column":0},"end":{"line":51,"column":24}},"51":{"start":{"line":52,"column":0},"end":{"line":52,"column":8}},"52":{"start":{"line":53,"column":0},"end":{"line":53,"column":30}},"53":{"start":{"line":54,"column":0},"end":{"line":54,"column":12}},"54":{"start":{"line":55,"column":0},"end":{"line":55,"column":23}},"55":{"start":{"line":56,"column":0},"end":{"line":56,"column":4}},"56":{"start":{"line":57,"column":0},"end":{"line":57,"column":25}},"57":{"start":{"line":58,"column":0},"end":{"line":58,"column":9}},"58":{"start":{"line":59,"column":0},"end":{"line":59,"column":0}},"59":{"start":{"line":60,"column":0},"end":{"line":60,"column":5}},"60":{"start":{"line":61,"column":0},"end":{"line":61,"column":4}},"61":{"start":{"line":62,"column":0},"end":{"line":62,"column":0}},"62":{"start":{"line":63,"column":0},"end":{"line":63,"column":1}},"63":{"start":{"line":64,"column":0},"end":{"line":64,"column":0}},"64":{"start":{"line":65,"column":0},"end":{"line":65,"column":0}},"65":{"start":{"line":66,"column":0},"end":{"line":66,"column":58}},"66":{"start":{"line":67,"column":0},"end":{"line":67,"column":0}},"67":{"start":{"line":68,"column":0},"end":{"line":68,"column":0}},"68":{"start":{"line":69,"column":0},"end":{"line":69,"column":73}},"69":{"start":{"line":70,"column":0},"end":{"line":70,"column":0}},"70":{"start":{"line":71,"column":0},"end":{"line":71,"column":1}},"71":{"start":{"line":72,"column":0},"end":{"line":72,"column":0}},"72":{"start":{"line":73,"column":0},"end":{"line":73,"column":0}},"73":{"start":{"line":74,"column":0},"end":{"line":74,"column":0}},"74":{"start":{"line":75,"column":0},"end":{"line":75,"column":94}},"75":{"start":{"line":76,"column":0},"end":{"line":76,"column":0}},"76":{"start":{"line":77,"column":0},"end":{"line":77,"column":53}},"77":{"start":{"line":78,"column":0},"end":{"line":78,"column":8}},"78":{"start":{"line":79,"column":0},"end":{"line":79,"column":31}},"79":{"start":{"line":80,"column":0},"end":{"line":80,"column":8}},"80":{"start":{"line":81,"column":0},"end":{"line":81,"column":37}},"81":{"start":{"line":82,"column":0},"end":{"line":82,"column":27}},"82":{"start":{"line":83,"column":0},"end":{"line":83,"column":12}},"83":{"start":{"line":84,"column":0},"end":{"line":84,"column":18}},"84":{"start":{"line":85,"column":0},"end":{"line":85,"column":9}},"85":{"start":{"line":86,"column":0},"end":{"line":86,"column":0}},"86":{"start":{"line":87,"column":0},"end":{"line":87,"column":17}},"87":{"start":{"line":88,"column":0},"end":{"line":88,"column":4}},"88":{"start":{"line":89,"column":0},"end":{"line":89,"column":5}},"89":{"start":{"line":90,"column":0},"end":{"line":90,"column":1}},"90":{"start":{"line":91,"column":0},"end":{"line":91,"column":0}},"91":{"start":{"line":92,"column":0},"end":{"line":92,"column":0}},"92":{"start":{"line":93,"column":0},"end":{"line":93,"column":67}},"93":{"start":{"line":94,"column":0},"end":{"line":94,"column":120}},"94":{"start":{"line":95,"column":0},"end":{"line":95,"column":4}},"95":{"start":{"line":96,"column":0},"end":{"line":96,"column":0}},"96":{"start":{"line":97,"column":0},"end":{"line":97,"column":32}},"97":{"start":{"line":98,"column":0},"end":{"line":98,"column":8}},"98":{"start":{"line":99,"column":0},"end":{"line":99,"column":58}},"99":{"start":{"line":100,"column":0},"end":{"line":100,"column":5}},"100":{"start":{"line":101,"column":0},"end":{"line":101,"column":0}},"101":{"start":{"line":102,"column":0},"end":{"line":102,"column":4}},"102":{"start":{"line":103,"column":0},"end":{"line":103,"column":4}},"103":{"start":{"line":104,"column":0},"end":{"line":104,"column":37}},"104":{"start":{"line":105,"column":0},"end":{"line":105,"column":7}},"105":{"start":{"line":106,"column":0},"end":{"line":106,"column":0}},"106":{"start":{"line":107,"column":0},"end":{"line":107,"column":52}},"107":{"start":{"line":108,"column":0},"end":{"line":108,"column":0}},"108":{"start":{"line":109,"column":0},"end":{"line":109,"column":71}},"109":{"start":{"line":110,"column":0},"end":{"line":110,"column":0}},"110":{"start":{"line":111,"column":0},"end":{"line":111,"column":0}},"111":{"start":{"line":112,"column":0},"end":{"line":112,"column":0}},"112":{"start":{"line":113,"column":0},"end":{"line":113,"column":25}},"113":{"start":{"line":114,"column":0},"end":{"line":114,"column":0}},"114":{"start":{"line":115,"column":0},"end":{"line":115,"column":66}},"115":{"start":{"line":116,"column":0},"end":{"line":116,"column":81}},"116":{"start":{"line":117,"column":0},"end":{"line":117,"column":12}},"117":{"start":{"line":118,"column":0},"end":{"line":118,"column":167}},"118":{"start":{"line":119,"column":0},"end":{"line":119,"column":77}},"119":{"start":{"line":120,"column":0},"end":{"line":120,"column":12}},"120":{"start":{"line":121,"column":0},"end":{"line":121,"column":9}},"121":{"start":{"line":122,"column":0},"end":{"line":122,"column":0}},"122":{"start":{"line":123,"column":0},"end":{"line":123,"column":0}},"123":{"start":{"line":124,"column":0},"end":{"line":124,"column":0}},"124":{"start":{"line":125,"column":0},"end":{"line":125,"column":0}},"125":{"start":{"line":126,"column":0},"end":{"line":126,"column":0}},"126":{"start":{"line":127,"column":0},"end":{"line":127,"column":14}},"127":{"start":{"line":128,"column":0},"end":{"line":128,"column":5}},"128":{"start":{"line":129,"column":0},"end":{"line":129,"column":0}},"129":{"start":{"line":130,"column":0},"end":{"line":130,"column":0}},"130":{"start":{"line":131,"column":0},"end":{"line":131,"column":32}},"131":{"start":{"line":132,"column":0},"end":{"line":132,"column":8}},"132":{"start":{"line":133,"column":0},"end":{"line":133,"column":39}},"133":{"start":{"line":134,"column":0},"end":{"line":134,"column":0}},"134":{"start":{"line":135,"column":0},"end":{"line":135,"column":167}},"135":{"start":{"line":136,"column":0},"end":{"line":136,"column":9}},"136":{"start":{"line":137,"column":0},"end":{"line":137,"column":0}},"137":{"start":{"line":138,"column":0},"end":{"line":138,"column":5}},"138":{"start":{"line":139,"column":0},"end":{"line":139,"column":0}},"139":{"start":{"line":140,"column":0},"end":{"line":140,"column":3}},"140":{"start":{"line":141,"column":0},"end":{"line":141,"column":4}},"141":{"start":{"line":142,"column":0},"end":{"line":142,"column":0}},"142":{"start":{"line":143,"column":0},"end":{"line":143,"column":0}},"143":{"start":{"line":144,"column":0},"end":{"line":144,"column":0}},"144":{"start":{"line":145,"column":0},"end":{"line":145,"column":0}},"145":{"start":{"line":146,"column":0},"end":{"line":146,"column":1}},"146":{"start":{"line":147,"column":0},"end":{"line":147,"column":0}},"147":{"start":{"line":148,"column":0},"end":{"line":148,"column":96}},"148":{"start":{"line":149,"column":0},"end":{"line":149,"column":4}},"149":{"start":{"line":150,"column":0},"end":{"line":150,"column":45}},"150":{"start":{"line":151,"column":0},"end":{"line":151,"column":0}},"151":{"start":{"line":152,"column":0},"end":{"line":152,"column":125}},"152":{"start":{"line":153,"column":0},"end":{"line":153,"column":0}},"153":{"start":{"line":154,"column":0},"end":{"line":154,"column":1}},"154":{"start":{"line":155,"column":0},"end":{"line":155,"column":0}},"155":{"start":{"line":156,"column":0},"end":{"line":156,"column":0}},"156":{"start":{"line":157,"column":0},"end":{"line":157,"column":0}},"157":{"start":{"line":158,"column":0},"end":{"line":158,"column":53}}},"s":{"0":1,"1":1,"2":1,"3":1,"4":1,"5":1,"6":1,"7":1,"8":1,"9":9,"10":9,"11":0,"12":1,"13":1,"14":1,"15":1,"16":1,"17":16,"18":16,"19":16,"20":16,"21":1,"22":1,"23":7,"24":7,"25":1,"26":1,"27":1,"28":6,"29":6,"30":6,"31":6,"32":0,"33":0,"34":0,"35":6,"36":6,"37":6,"38":6,"39":6,"40":4,"41":4,"42":18,"43":18,"44":18,"45":18,"46":18,"47":4,"48":4,"49":2,"50":2,"51":2,"52":2,"53":6,"54":6,"55":6,"56":6,"57":6,"58":2,"59":2,"60":6,"61":6,"62":6,"63":1,"64":1,"65":2,"66":2,"67":2,"68":2,"69":2,"70":2,"71":1,"72":1,"73":1,"74":25,"75":25,"76":25,"77":25,"78":25,"79":25,"80":25,"81":0,"82":0,"83":0,"84":0,"85":25,"86":25,"87":25,"88":25,"89":25,"90":1,"91":1,"92":7,"93":7,"94":7,"95":7,"96":7,"97":0,"98":0,"99":0,"100":7,"101":7,"102":7,"103":7,"104":5,"105":5,"106":5,"107":5,"108":5,"109":5,"110":5,"111":5,"112":5,"113":5,"114":5,"115":13,"116":13,"117":13,"118":13,"119":13,"120":13,"121":5,"122":5,"123":5,"124":5,"125":5,"126":5,"127":5,"128":2,"129":2,"130":2,"131":2,"132":2,"133":12,"134":12,"135":12,"136":2,"137":2,"138":7,"139":7,"140":7,"141":7,"142":7,"143":7,"144":7,"145":7,"146":1,"147":2,"148":2,"149":2,"150":2,"151":2,"152":2,"153":2,"154":1,"155":1,"156":1,"157":1},"branchMap":{"0":{"type":"branch","line":9,"loc":{"start":{"line":9,"column":19},"end":{"line":12,"column":60}},"locations":[{"start":{"line":9,"column":19},"end":{"line":12,"column":60}}]},"1":{"type":"branch","line":11,"loc":{"start":{"line":11,"column":42},"end":{"line":12,"column":60}},"locations":[{"start":{"line":11,"column":42},"end":{"line":12,"column":60}}]},"2":{"type":"branch","line":18,"loc":{"start":{"line":18,"column":0},"end":{"line":21,"column":1}},"locations":[{"start":{"line":18,"column":0},"end":{"line":21,"column":1}}]},"3":{"type":"branch","line":23,"loc":{"start":{"line":23,"column":1},"end":{"line":25,"column":1}},"locations":[{"start":{"line":23,"column":1},"end":{"line":25,"column":1}}]},"4":{"type":"branch","line":29,"loc":{"start":{"line":29,"column":0},"end":{"line":63,"column":1}},"locations":[{"start":{"line":29,"column":0},"end":{"line":63,"column":1}}]},"5":{"type":"branch","line":32,"loc":{"start":{"line":32,"column":24},"end":{"line":35,"column":6}},"locations":[{"start":{"line":32,"column":24},"end":{"line":35,"column":6}}]},"6":{"type":"branch","line":40,"loc":{"start":{"line":40,"column":23},"end":{"line":49,"column":5}},"locations":[{"start":{"line":40,"column":23},"end":{"line":49,"column":5}}]},"7":{"type":"branch","line":42,"loc":{"start":{"line":42,"column":29},"end":{"line":47,"column":9}},"locations":[{"start":{"line":42,"column":29},"end":{"line":47,"column":9}}]},"8":{"type":"branch","line":49,"loc":{"start":{"line":49,"column":4},"end":{"line":60,"column":5}},"locations":[{"start":{"line":49,"column":4},"end":{"line":60,"column":5}}]},"9":{"type":"branch","line":53,"loc":{"start":{"line":53,"column":29},"end":{"line":58,"column":9}},"locations":[{"start":{"line":53,"column":29},"end":{"line":58,"column":9}}]},"10":{"type":"branch","line":66,"loc":{"start":{"line":66,"column":0},"end":{"line":71,"column":1}},"locations":[{"start":{"line":66,"column":0},"end":{"line":71,"column":1}}]},"11":{"type":"branch","line":75,"loc":{"start":{"line":75,"column":0},"end":{"line":90,"column":1}},"locations":[{"start":{"line":75,"column":0},"end":{"line":90,"column":1}}]},"12":{"type":"branch","line":77,"loc":{"start":{"line":77,"column":12},"end":{"line":89,"column":5}},"locations":[{"start":{"line":77,"column":12},"end":{"line":89,"column":5}}]},"13":{"type":"branch","line":81,"loc":{"start":{"line":81,"column":36},"end":{"line":85,"column":9}},"locations":[{"start":{"line":81,"column":36},"end":{"line":85,"column":9}}]},"14":{"type":"branch","line":93,"loc":{"start":{"line":93,"column":0},"end":{"line":146,"column":1}},"locations":[{"start":{"line":93,"column":0},"end":{"line":146,"column":1}}]},"15":{"type":"branch","line":97,"loc":{"start":{"line":97,"column":31},"end":{"line":100,"column":5}},"locations":[{"start":{"line":97,"column":31},"end":{"line":100,"column":5}}]},"16":{"type":"branch","line":104,"loc":{"start":{"line":104,"column":36},"end":{"line":128,"column":5}},"locations":[{"start":{"line":104,"column":36},"end":{"line":128,"column":5}}]},"17":{"type":"branch","line":115,"loc":{"start":{"line":115,"column":65},"end":{"line":121,"column":9}},"locations":[{"start":{"line":115,"column":65},"end":{"line":121,"column":9}}]},"18":{"type":"branch","line":116,"loc":{"start":{"line":116,"column":46},"end":{"line":116,"column":66}},"locations":[{"start":{"line":116,"column":46},"end":{"line":116,"column":66}}]},"19":{"type":"branch","line":116,"loc":{"start":{"line":116,"column":50},"end":{"line":116,"column":81}},"locations":[{"start":{"line":116,"column":50},"end":{"line":116,"column":81}}]},"20":{"type":"branch","line":128,"loc":{"start":{"line":128,"column":4},"end":{"line":138,"column":5}},"locations":[{"start":{"line":128,"column":4},"end":{"line":138,"column":5}}]},"21":{"type":"branch","line":133,"loc":{"start":{"line":133,"column":38},"end":{"line":136,"column":9}},"locations":[{"start":{"line":133,"column":38},"end":{"line":136,"column":9}}]},"22":{"type":"branch","line":109,"loc":{"start":{"line":109,"column":25},"end":{"line":109,"column":70}},"locations":[{"start":{"line":109,"column":25},"end":{"line":109,"column":70}}]},"23":{"type":"branch","line":148,"loc":{"start":{"line":148,"column":0},"end":{"line":154,"column":1}},"locations":[{"start":{"line":148,"column":0},"end":{"line":154,"column":1}}]},"24":{"type":"branch","line":152,"loc":{"start":{"line":152,"column":45},"end":{"line":152,"column":124}},"locations":[{"start":{"line":152,"column":45},"end":{"line":152,"column":124}}]}},"b":{"0":[9],"1":[0],"2":[16],"3":[7],"4":[6],"5":[0],"6":[4],"7":[18],"8":[2],"9":[6],"10":[2],"11":[25],"12":[25],"13":[0],"14":[7],"15":[0],"16":[5],"17":[13],"18":[9],"19":[4],"20":[2],"21":[12],"22":[13],"23":[2],"24":[12]},"fnMap":{"0":{"name":"isIterable","decl":{"start":{"line":9,"column":19},"end":{"line":12,"column":60}},"loc":{"start":{"line":9,"column":19},"end":{"line":12,"column":60}},"line":9},"1":{"name":"isObject","decl":{"start":{"line":18,"column":0},"end":{"line":21,"column":1}},"loc":{"start":{"line":18,"column":0},"end":{"line":21,"column":1}},"line":18},"2":{"name":"hasForEachMethod","decl":{"start":{"line":23,"column":1},"end":{"line":25,"column":1}},"loc":{"start":{"line":23,"column":1},"end":{"line":25,"column":1}},"line":23},"3":{"name":"range","decl":{"start":{"line":29,"column":0},"end":{"line":63,"column":1}},"loc":{"start":{"line":29,"column":0},"end":{"line":63,"column":1}},"line":29},"4":{"name":"isGenerator","decl":{"start":{"line":66,"column":0},"end":{"line":71,"column":1}},"loc":{"start":{"line":66,"column":0},"end":{"line":71,"column":1}},"line":66},"5":{"name":"wrapFunctionInAsyncGenerator","decl":{"start":{"line":75,"column":0},"end":{"line":90,"column":1}},"loc":{"start":{"line":75,"column":0},"end":{"line":90,"column":1}},"line":75},"6":{"name":"iterate","decl":{"start":{"line":93,"column":0},"end":{"line":146,"column":1}},"loc":{"start":{"line":93,"column":0},"end":{"line":146,"column":1}},"line":93},"7":{"name":"iterateRange","decl":{"start":{"line":148,"column":0},"end":{"line":154,"column":1}},"loc":{"start":{"line":148,"column":0},"end":{"line":154,"column":1}},"line":148},"8":{"name":"get","decl":{"start":{"line":158,"column":39},"end":{"line":158,"column":53}},"loc":{"start":{"line":158,"column":39},"end":{"line":158,"column":53}},"line":158}},"f":{"0":9,"1":16,"2":7,"3":6,"4":2,"5":25,"6":7,"7":2,"8":0}}
,"C:\\Users\\louis\\Desktop\\web-projects\\monorepo\\@forastro\\packages\\utilities\\src\\lib\\types.ts": {"path":"C:\\Users\\louis\\Desktop\\web-projects\\monorepo\\@forastro\\packages\\utilities\\src\\lib\\types.ts","all":false,"statementMap":{"0":{"start":{"line":1,"column":0},"end":{"line":1,"column":25}},"1":{"start":{"line":2,"column":0},"end":{"line":2,"column":94}},"2":{"start":{"line":3,"column":0},"end":{"line":3,"column":1}},"3":{"start":{"line":4,"column":0},"end":{"line":4,"column":0}},"4":{"start":{"line":5,"column":0},"end":{"line":5,"column":0}},"5":{"start":{"line":6,"column":0},"end":{"line":6,"column":119}},"6":{"start":{"line":7,"column":0},"end":{"line":7,"column":0}},"7":{"start":{"line":8,"column":0},"end":{"line":8,"column":104}},"8":{"start":{"line":9,"column":0},"end":{"line":9,"column":30}},"9":{"start":{"line":10,"column":0},"end":{"line":10,"column":146}},"10":{"start":{"line":11,"column":0},"end":{"line":11,"column":25}},"11":{"start":{"line":12,"column":0},"end":{"line":12,"column":50}},"12":{"start":{"line":13,"column":0},"end":{"line":13,"column":11}},"13":{"start":{"line":14,"column":0},"end":{"line":14,"column":0}},"14":{"start":{"line":15,"column":0},"end":{"line":15,"column":28}},"15":{"start":{"line":16,"column":0},"end":{"line":16,"column":16}},"16":{"start":{"line":17,"column":0},"end":{"line":17,"column":15}},"17":{"start":{"line":18,"column":0},"end":{"line":18,"column":16}},"18":{"start":{"line":19,"column":0},"end":{"line":19,"column":1}},"19":{"start":{"line":20,"column":0},"end":{"line":20,"column":0}},"20":{"start":{"line":21,"column":0},"end":{"line":21,"column":21}},"21":{"start":{"line":22,"column":0},"end":{"line":22,"column":0}},"22":{"start":{"line":23,"column":0},"end":{"line":23,"column":16}},"23":{"start":{"line":24,"column":0},"end":{"line":24,"column":50}},"24":{"start":{"line":25,"column":0},"end":{"line":25,"column":45}},"25":{"start":{"line":26,"column":0},"end":{"line":26,"column":49}},"26":{"start":{"line":27,"column":0},"end":{"line":27,"column":0}},"27":{"start":{"line":28,"column":0},"end":{"line":28,"column":7}},"28":{"start":{"line":29,"column":0},"end":{"line":29,"column":8}},"29":{"start":{"line":30,"column":0},"end":{"line":30,"column":5}},"30":{"start":{"line":31,"column":0},"end":{"line":31,"column":0}},"31":{"start":{"line":32,"column":0},"end":{"line":32,"column":17}},"32":{"start":{"line":33,"column":0},"end":{"line":33,"column":8}},"33":{"start":{"line":34,"column":0},"end":{"line":34,"column":61}},"34":{"start":{"line":35,"column":0},"end":{"line":35,"column":0}},"35":{"start":{"line":36,"column":0},"end":{"line":36,"column":5}},"36":{"start":{"line":37,"column":0},"end":{"line":37,"column":0}},"37":{"start":{"line":38,"column":0},"end":{"line":38,"column":21}},"38":{"start":{"line":39,"column":0},"end":{"line":39,"column":0}},"39":{"start":{"line":40,"column":0},"end":{"line":40,"column":37}},"40":{"start":{"line":41,"column":0},"end":{"line":41,"column":5}},"41":{"start":{"line":42,"column":0},"end":{"line":42,"column":0}},"42":{"start":{"line":43,"column":0},"end":{"line":43,"column":19}},"43":{"start":{"line":44,"column":0},"end":{"line":44,"column":59}},"44":{"start":{"line":45,"column":0},"end":{"line":45,"column":5}},"45":{"start":{"line":46,"column":0},"end":{"line":46,"column":0}},"46":{"start":{"line":47,"column":0},"end":{"line":47,"column":18}},"47":{"start":{"line":48,"column":0},"end":{"line":48,"column":58}},"48":{"start":{"line":49,"column":0},"end":{"line":49,"column":5}},"49":{"start":{"line":50,"column":0},"end":{"line":50,"column":0}},"50":{"start":{"line":51,"column":0},"end":{"line":51,"column":18}},"51":{"start":{"line":52,"column":0},"end":{"line":52,"column":42}},"52":{"start":{"line":53,"column":0},"end":{"line":53,"column":9}},"53":{"start":{"line":54,"column":0},"end":{"line":54,"column":5}},"54":{"start":{"line":55,"column":0},"end":{"line":55,"column":4}},"55":{"start":{"line":56,"column":0},"end":{"line":56,"column":17}},"56":{"start":{"line":57,"column":0},"end":{"line":57,"column":42}},"57":{"start":{"line":58,"column":0},"end":{"line":58,"column":0}},"58":{"start":{"line":59,"column":0},"end":{"line":59,"column":5}},"59":{"start":{"line":60,"column":0},"end":{"line":60,"column":21}},"60":{"start":{"line":61,"column":0},"end":{"line":61,"column":0}},"61":{"start":{"line":62,"column":0},"end":{"line":62,"column":56}},"62":{"start":{"line":63,"column":0},"end":{"line":63,"column":0}},"63":{"start":{"line":64,"column":0},"end":{"line":64,"column":5}},"64":{"start":{"line":65,"column":0},"end":{"line":65,"column":0}},"65":{"start":{"line":66,"column":0},"end":{"line":66,"column":0}},"66":{"start":{"line":67,"column":0},"end":{"line":67,"column":1}},"67":{"start":{"line":68,"column":0},"end":{"line":68,"column":0}},"68":{"start":{"line":69,"column":0},"end":{"line":69,"column":71}},"69":{"start":{"line":70,"column":0},"end":{"line":70,"column":0}},"70":{"start":{"line":71,"column":0},"end":{"line":71,"column":13}},"71":{"start":{"line":72,"column":0},"end":{"line":72,"column":21}},"72":{"start":{"line":73,"column":0},"end":{"line":73,"column":96}},"73":{"start":{"line":74,"column":0},"end":{"line":74,"column":24}},"74":{"start":{"line":75,"column":0},"end":{"line":75,"column":24}},"75":{"start":{"line":76,"column":0},"end":{"line":76,"column":1}},"76":{"start":{"line":77,"column":0},"end":{"line":77,"column":0}},"77":{"start":{"line":78,"column":0},"end":{"line":78,"column":22}}},"s":{"0":1,"1":1,"2":1,"3":1,"4":1,"5":1,"6":1,"7":1,"8":1,"9":1,"10":1,"11":1,"12":1,"13":1,"14":1,"15":1,"16":1,"17":1,"18":1,"19":1,"20":1,"21":1,"22":1,"23":28,"24":28,"25":28,"26":28,"27":28,"28":28,"29":28,"30":1,"31":1,"32":1,"33":1,"34":1,"35":1,"36":1,"37":1,"38":15,"39":15,"40":15,"41":1,"42":1,"43":1,"44":1,"45":1,"46":1,"47":1,"48":1,"49":1,"50":1,"51":3,"52":3,"53":3,"54":1,"55":1,"56":3,"57":3,"58":3,"59":1,"60":2,"61":2,"62":2,"63":2,"64":1,"65":1,"66":1,"67":1,"68":1,"69":1,"70":1,"71":1,"72":1,"73":1,"74":1,"75":1,"76":1,"77":1},"branchMap":{"0":{"type":"branch","line":23,"loc":{"start":{"line":23,"column":4},"end":{"line":30,"column":5}},"locations":[{"start":{"line":23,"column":4},"end":{"line":30,"column":5}}]},"1":{"type":"branch","line":32,"loc":{"start":{"line":32,"column":4},"end":{"line":36,"column":5}},"locations":[{"start":{"line":32,"column":4},"end":{"line":36,"column":5}}]},"2":{"type":"branch","line":38,"loc":{"start":{"line":38,"column":4},"end":{"line":41,"column":5}},"locations":[{"start":{"line":38,"column":4},"end":{"line":41,"column":5}}]},"3":{"type":"branch","line":43,"loc":{"start":{"line":43,"column":4},"end":{"line":45,"column":5}},"locations":[{"start":{"line":43,"column":4},"end":{"line":45,"column":5}}]},"4":{"type":"branch","line":47,"loc":{"start":{"line":47,"column":4},"end":{"line":49,"column":5}},"locations":[{"start":{"line":47,"column":4},"end":{"line":49,"column":5}}]},"5":{"type":"branch","line":51,"loc":{"start":{"line":51,"column":4},"end":{"line":54,"column":5}},"locations":[{"start":{"line":51,"column":4},"end":{"line":54,"column":5}}]},"6":{"type":"branch","line":56,"loc":{"start":{"line":56,"column":4},"end":{"line":59,"column":5}},"locations":[{"start":{"line":56,"column":4},"end":{"line":59,"column":5}}]},"7":{"type":"branch","line":60,"loc":{"start":{"line":60,"column":4},"end":{"line":64,"column":5}},"locations":[{"start":{"line":60,"column":4},"end":{"line":64,"column":5}}]},"8":{"type":"branch","line":78,"loc":{"start":{"line":78,"column":8},"end":{"line":78,"column":22}},"locations":[{"start":{"line":78,"column":8},"end":{"line":78,"column":22}}]}},"b":{"0":[28],"1":[1],"2":[15],"3":[1],"4":[1],"5":[3],"6":[3],"7":[2],"8":[39]},"fnMap":{"0":{"name":"IterationInfo","decl":{"start":{"line":23,"column":4},"end":{"line":30,"column":5}},"loc":{"start":{"line":23,"column":4},"end":{"line":30,"column":5}},"line":23},"1":{"name":"get count","decl":{"start":{"line":32,"column":4},"end":{"line":36,"column":5}},"loc":{"start":{"line":32,"column":4},"end":{"line":36,"column":5}},"line":32},"2":{"name":"get iteration","decl":{"start":{"line":38,"column":4},"end":{"line":41,"column":5}},"loc":{"start":{"line":38,"column":4},"end":{"line":41,"column":5}},"line":38},"3":{"name":"get isFirst","decl":{"start":{"line":43,"column":4},"end":{"line":45,"column":5}},"loc":{"start":{"line":43,"column":4},"end":{"line":45,"column":5}},"line":43},"4":{"name":"get isLast","decl":{"start":{"line":47,"column":4},"end":{"line":49,"column":5}},"loc":{"start":{"line":47,"column":4},"end":{"line":49,"column":5}},"line":47},"5":{"name":"get isEven","decl":{"start":{"line":51,"column":4},"end":{"line":54,"column":5}},"loc":{"start":{"line":51,"column":4},"end":{"line":54,"column":5}},"line":51},"6":{"name":"get isOdd","decl":{"start":{"line":56,"column":4},"end":{"line":59,"column":5}},"loc":{"start":{"line":56,"column":4},"end":{"line":59,"column":5}},"line":56},"7":{"name":"get remaining","decl":{"start":{"line":60,"column":4},"end":{"line":64,"column":5}},"loc":{"start":{"line":60,"column":4},"end":{"line":64,"column":5}},"line":60},"8":{"name":"get","decl":{"start":{"line":78,"column":8},"end":{"line":78,"column":22}},"loc":{"start":{"line":78,"column":8},"end":{"line":78,"column":22}},"line":78}},"f":{"0":28,"1":1,"2":15,"3":1,"4":1,"5":3,"6":3,"7":2,"8":39}}
}
